{"@timestamp": "2025-06-22T13:57:32+00:00", "status": 200, "url": "/api/context/...", "request_method": "GET", "response_time": 0.024, "http_user_agent": "..."}
{"@timestamp": "2025-06-22T13:57:32+00:00", "status": 200, "url": "/api/context/...", "request_method": "GET", "response_time": 0.02, "http_user_agent": "..."}
{"@timestamp": "2025-06-22T13:57:32+00:00", "status": 200, "url": "/api/context/...", "request_method": "GET", "response_time": 0.024, "http_user_agent": "..."}
{"@timestamp": "2025-06-22T13:57:32+00:00", "status": 200, "url": "/api/homeworks/...", "request_method": "GET", "response_time": 0.06, "http_user_agent": "..."}
{"@timestamp": "2025-06-22T13:57:32+00:00", "status": 200, "url": "/api/homeworks/...", "request_method": "GET", "response_time": 0.032, "http_user_agent": "..."}
{"@timestamp": "2025-06-22T13:57:32+00:00", "status": 200, "url": "/api/homeworks/...", "request_method": "GET", "response_time": 0.06, "http_user_agent": "..."}
{"@timestamp": "2025-06-22T13:57:32+00:00", "status": 200, "url": "/api/homeworks/...", "request_method": "GET", "response_time": 0.06, "http_user_agent": "..."}
{"@timestamp": "2025-06-22T13:57:32+00:00", "status": 200, "url": "/api/homeworks/...", "request_method": "GET", "response_time": 0.06, "http_user_agent": "..."}
{"@timestamp": "2025-06-22T13:57:32+00:00", "status": 200, "url": "/api/homeworks/...", "request_method": "GET", "response_time": 0.064, "http_user_agent": "..."}
{"@timestamp": "2025-06-22T13:57:32+00:00", "status": 200, "url": "/api/homeworks/...", "request_method": "GET", "response_time": 0.1, "http_user_agent": "..."}
{"@timestamp": "2025-06-22T13:57:32+00:00", "status": 200, "url": "/api/homeworks/...", "request_method": "GET", "response_time": 0.076, "http_user_agent": "..."}
{"@timestamp": "2025-06-22T13:57:32+00:00", "status": 200, "url": "/api/homeworks/...", "request_method": "GET", "response_time": 0.076, "http_user_agent": "..."}
{"@timestamp": "2025-06-22T13:57:34+00:00", "status": 200, "url": "/api/context/...", "request_method": "GET", "response_time": 0.024, "http_user_agent": "..."}
{"@timestamp": "2025-06-22T13:57:34+00:00", "status": 200, "url": "/api/specializations/...", "request_method": "GET", "response_time": 0.016, "http_user_agent": "..."}
{"@timestamp": "2025-06-22T13:57:34+00:00", "status": 200, "url": "/api/context/...", "request_method": "GET", "response_time": 0.032, "http_user_agent": "..."}
{"@timestamp": "2025-06-22T13:57:34+00:00", "status": 200, "url": "/api/context/...", "request_method": "GET", "response_time": 0.072, "http_user_agent": "..."}
{"@timestamp": "2025-06-22T13:57:34+00:00", "status": 200, "url": "/api/specializations/...", "request_method": "GET", "response_time": 0.016, "http_user_agent": "..."}
{"@timestamp": "2025-06-22T13:57:34+00:00", "status": 200, "url": "/api/specializations/...", "request_method": "GET", "response_time": 0.04, "http_user_agent": "..."}
{"@timestamp": "2025-06-22T13:57:34+00:00", "status": 200, "url": "/api/specializations/...", "request_method": "GET", "response_time": 0.036, "http_user_agent": "..."}
{"@timestamp": "2025-06-22T13:57:34+00:00", "status": 200, "url": "/api/specializations/...", "request_method": "GET", "response_time": 0.056, "http_user_agent": "..."}
{"@timestamp": "2025-06-22T13:57:34+00:00", "status": 200, "url": "/api/specializations/...", "request_method": "GET", "response_time": 0.044, "http_user_agent": "..."}
{"@timestamp": "2025-06-22T13:57:34+00:00", "status": 200, "url": "/api/homeworks/...", "request_method": "GET", "response_time": 0.04, "http_user_agent": "..."}
{"@timestamp": "2025-06-22T13:57:34+00:00", "status": 200, "url": "/api/users/...", "request_method": "GET", "response_time": 0.072, "http_user_agent": "..."}
{"@timestamp": "2025-06-22T13:57:34+00:00", "status": 200, "url": "/api/challenges/...", "request_method": "GET", "response_time": 0.056, "http_user_agent": "..."}
{"@timestamp": "2025-06-22T13:57:34+00:00", "status": 200, "url": "/api/homeworks/...", "request_method": "GET", "response_time": 0.06, "http_user_agent": "..."}
{"@timestamp": "2025-06-22T13:57:34+00:00", "status": 200, "url": "/api/homeworks/...", "request_method": "GET", "response_time": 0.128, "http_user_agent": "..."}
{"@timestamp": "2025-06-22T13:57:34+00:00", "status": 200, "url": "/api/homeworks/...", "request_method": "GET", "response_time": 0.136, "http_user_agent": "..."}
{"@timestamp": "2025-06-22T13:57:34+00:00", "status": 200, "url": "/api/homeworks/...", "request_method": "GET", "response_time": 0.152, "http_user_agent": "..."}
{"@timestamp": "2025-06-22T13:57:34+00:00", "status": 200, "url": "/api/homeworks/...", "request_method": "GET", "response_time": 0.14, "http_user_agent": "..."}
{"@timestamp": "2025-06-22T13:57:34+00:00", "status": 200, "url": "/api/homeworks/...", "request_method": "GET", "response_time": 0.192, "http_user_agent": "..."}
{"@timestamp": "2025-06-22T13:57:34+00:00", "status": 200, "url": "/api/context/...", "request_method": "GET", "response_time": 0.044, "http_user_agent": "..."}
{"@timestamp": "2025-06-22T13:57:35+00:00", "status": 200, "url": "/api/homeworks/...", "request_method": "GET", "response_time": 0.112, "http_user_agent": "..."}
{"@timestamp": "2025-06-22T13:57:35+00:00", "status": 200, "url": "/api/homeworks/...", "request_method": "GET", "response_time": 0.14, "http_user_agent": "..."}
{"@timestamp": "2025-06-22T13:57:35+00:00", "status": 200, "url": "/api/homeworks/...", "request_method": "GET", "response_time": 0.16, "http_user_agent": "..."}
{"@timestamp": "2025-06-22T13:57:35+00:00", "status": 200, "url": "/api/homeworks/...", "request_method": "GET", "response_time": 0.168, "http_user_agent": "..."}
{"@timestamp": "2025-06-22T13:57:35+00:00", "status": 200, "url": "/api/homeworks/...", "request_method": "GET", "response_time": 0.172, "http_user_agent": "..."}
{"@timestamp": "2025-06-22T13:57:35+00:00", "status": 200, "url": "/api/homeworks/...", "request_method": "GET", "response_time": 0.216, "http_user_agent": "..."}
{"@timestamp": "2025-06-22T13:57:40+00:00", "status": 200, "url": "/api/context/...", "request_method": "GET", "response_time": 0.036, "http_user_agent": "..."}
{"@timestamp": "2025-06-22T13:57:40+00:00", "status": 200, "url": "/api/homeworks/...", "request_method": "GET", "response_time": 0.096, "http_user_agent": "..."}
{"@timestamp": "2025-06-22T13:57:40+00:00", "status": 200, "url": "/api/homeworks/...", "request_method": "GET", "response_time": 0.108, "http_user_agent": "..."}
{"@timestamp": "2025-06-22T13:57:40+00:00", "status": 200, "url": "/api/homeworks/...", "request_method": "GET", "response_time": 0.152, "http_user_agent": "..."}
{"@timestamp": "2025-06-22T13:57:40+00:00", "status": 200, "url": "/api/homeworks/...", "request_method": "GET", "response_time": 0.152, "http_user_agent": "..."}
{"@timestamp": "2025-06-22T13:57:40+00:00", "status": 200, "url": "/api/homeworks/...", "request_method": "GET", "response_time": 0.156, "http_user_agent": "..."}
{"@timestamp": "2025-06-22T13:57:40+00:00", "status": 200, "url": "/api/homeworks/...", "request_method": "GET", "response_time": 0.196, "http_user_agent": "..."}
{"@timestamp": "2025-06-22T13:57:41+00:00", "status": 200, "url": "/api/context/...", "request_method": "GET", "response_time": 0.048, "http_user_agent": "..."}
{"@timestamp": "2025-06-22T13:57:41+00:00", "status": 200, "url": "/api/homeworks/...", "request_method": "GET", "response_time": 0.1, "http_user_agent": "..."}
{"@timestamp": "2025-06-22T13:57:41+00:00", "status": 200, "url": "/api/homeworks/...", "request_method": "GET", "response_time": 0.124, "http_user_agent": "..."}
{"@timestamp": "2025-06-22T13:57:41+00:00", "status": 200, "url": "/api/homeworks/...", "request_method": "GET", "response_time": 0.14, "http_user_agent": "..."}
{"@timestamp": "2025-06-22T13:57:41+00:00", "status": 200, "url": "/api/homeworks/...", "request_method": "GET", "response_time": 0.12, "http_user_agent": "..."}
{"@timestamp": "2025-06-22T13:57:41+00:00", "status": 200, "url": "/api/homeworks/...", "request_method": "GET", "response_time": 0.136, "http_user_agent": "..."}
{"@timestamp": "2025-06-22T13:57:41+00:00", "status": 200, "url": "/api/homeworks/...", "request_method": "GET", "response_time": 0.3, "http_user_agent": "..."}
{"@timestamp": "2025-06-22T13:57:41+00:00", "status": 200, "url": "/api/context/...", "request_method": "GET", "response_time": 0.036, "http_user_agent": "..."}
{"@timestamp": "2025-06-22T13:57:42+00:00", "status": 200, "url": "/api/homeworks/...", "request_method": "GET", "response_time": 0.112, "http_user_agent": "..."}
{"@timestamp": "2025-06-22T13:57:42+00:00", "status": 200, "url": "/api/homeworks/...", "request_method": "GET", "response_time": 0.108, "http_user_agent": "..."}
{"@timestamp": "2025-06-22T13:57:42+00:00", "status": 200, "url": "/api/homeworks/...", "request_method": "GET", "response_time": 0.124, "http_user_agent": "..."}
{"@timestamp": "2025-06-22T13:57:42+00:00", "status": 200, "url": "/api/homeworks/...", "request_method": "GET", "response_time": 0.128, "http_user_agent": "..."}
{"@timestamp": "2025-06-22T13:57:42+00:00", "status": 200, "url": "/api/homeworks/...", "request_method": "GET", "response_time": 0.132, "http_user_agent": "..."}
{"@timestamp": "2025-06-22T13:57:42+00:00", "status": 200, "url": "/api/homeworks/...", "request_method": "GET", "response_time": 0.256, "http_user_agent": "..."}
{"@timestamp": "2025-06-22T13:57:42+00:00", "status": 200, "url": "/api/context/...", "request_method": "GET", "response_time": 0.092, "http_user_agent": "..."}
{"@timestamp": "2025-06-22T13:57:42+00:00", "status": 200, "url": "/api/homeworks/...", "request_method": "GET", "response_time": 0.1, "http_user_agent": "..."}
{"@timestamp": "2025-06-22T13:57:43+00:00", "status": 200, "url": "/api/homeworks/...", "request_method": "GET", "response_time": 0.216, "http_user_agent": "..."}
{"@timestamp": "2025-06-22T13:57:43+00:00", "status": 200, "url": "/api/homeworks/...", "request_method": "GET", "response_time": 0.244, "http_user_agent": "..."}
{"@timestamp": "2025-06-22T13:57:43+00:00", "status": 200, "url": "/api/homeworks/...", "request_method": "GET", "response_time": 0.264, "http_user_agent": "..."}
{"@timestamp": "2025-06-22T13:57:43+00:00", "status": 200, "url": "/api/homeworks/...", "request_method": "GET", "response_time": 0.284, "http_user_agent": "..."}
{"@timestamp": "2025-06-22T13:57:43+00:00", "status": 200, "url": "/api/homeworks/...", "request_method": "GET", "response_time": 0.312, "http_user_agent": "..."}
{"@timestamp": "2025-06-22T13:57:44+00:00", "status": 200, "url": "/api/context/...", "request_method": "GET", "response_time": 0.156, "http_user_agent": "..."}
{"@timestamp": "2025-06-22T13:57:44+00:00", "status": 200, "url": "/api/homeworks/...", "request_method": "GET", "response_time": 0.08, "http_user_agent": "..."}
{"@timestamp": "2025-06-22T13:57:44+00:00", "status": 200, "url": "/api/homeworks/...", "request_method": "GET", "response_time": 0.128, "http_user_agent": "..."}
{"@timestamp": "2025-06-22T13:57:44+00:00", "status": 200, "url": "/api/homeworks/...", "request_method": "GET", "response_time": 0.24, "http_user_agent": "..."}
{"@timestamp": "2025-06-22T13:57:44+00:00", "status": 200, "url": "/api/homeworks/...", "request_method": "GET", "response_time": 0.256, "http_user_agent": "..."}
{"@timestamp": "2025-06-22T13:57:44+00:00", "status": 200, "url": "/api/homeworks/...", "request_method": "GET", "response_time": 0.296, "http_user_agent": "..."}
{"@timestamp": "2025-06-22T13:57:44+00:00", "status": 200, "url": "/api/homeworks/...", "request_method": "GET", "response_time": 0.284, "http_user_agent": "..."}
{"@timestamp": "2025-06-22T13:57:45+00:00", "status": 200, "url": "/api/context/...", "request_method": "GET", "response_time": 0.056, "http_user_agent": "..."}
{"@timestamp": "2025-06-22T13:57:45+00:00", "status": 200, "url": "/api/homeworks/...", "request_method": "GET", "response_time": 0.172, "http_user_agent": "..."}
{"@timestamp": "2025-06-22T13:57:45+00:00", "status": 200, "url": "/api/homeworks/...", "request_method": "GET", "response_time": 0.16, "http_user_agent": "..."}
{"@timestamp": "2025-06-22T13:57:45+00:00", "status": 200, "url": "/api/homeworks/...", "request_method": "GET", "response_time": 0.176, "http_user_agent": "..."}
{"@timestamp": "2025-06-22T13:57:45+00:00", "status": 200, "url": "/api/homeworks/...", "request_method": "GET", "response_time": 0.168, "http_user_agent": "..."}
{"@timestamp": "2025-06-22T13:57:45+00:00", "status": 200, "url": "/api/homeworks/...", "request_method": "GET", "response_time": 0.192, "http_user_agent": "..."}
{"@timestamp": "2025-06-22T13:57:45+00:00", "status": 200, "url": "/api/homeworks/...", "request_method": "GET", "response_time": 0.176, "http_user_agent": "..."}
{"@timestamp": "2025-06-22T13:57:47+00:00", "status": 200, "url": "/api/context/...", "request_method": "GET", "response_time": 0.04, "http_user_agent": "..."}
{"@timestamp": "2025-06-22T13:57:47+00:00", "status": 200, "url": "/api/homeworks/...", "request_method": "GET", "response_time": 0.104, "http_user_agent": "..."}
{"@timestamp": "2025-06-22T13:57:47+00:00", "status": 200, "url": "/api/homeworks/...", "request_method": "GET", "response_time": 0.136, "http_user_agent": "..."}
{"@timestamp": "2025-06-22T13:57:47+00:00", "status": 200, "url": "/api/homeworks/...", "request_method": "GET", "response_time": 0.188, "http_user_agent": "..."}
{"@timestamp": "2025-06-22T13:57:47+00:00", "status": 200, "url": "/api/homeworks/...", "request_method": "GET", "response_time": 0.216, "http_user_agent": "..."}
{"@timestamp": "2025-06-22T13:57:47+00:00", "status": 200, "url": "/api/homeworks/...", "request_method": "GET", "response_time": 0.288, "http_user_agent": "..."}
{"@timestamp": "2025-06-22T13:57:47+00:00", "status": 200, "url": "/api/homeworks/...", "request_method": "GET", "response_time": 0.328, "http_user_agent": "..."}
{"@timestamp": "2025-06-22T13:59:04+00:00", "status": 200, "url": "/api/context/...", "request_method": "GET", "response_time": 0.048, "http_user_agent": "..."}
{"@timestamp": "2025-06-22T13:59:04+00:00", "status": 200, "url": "/api/homeworks/...", "request_method": "GET", "response_time": 0.176, "http_user_agent": "..."}
{"@timestamp": "2025-06-22T13:59:04+00:00", "status": 200, "url": "/api/homeworks/...", "request_method": "GET", "response_time": 0.2, "http_user_agent": "..."}
{"@timestamp": "2025-06-22T13:59:04+00:00", "status": 200, "url": "/api/homeworks/...", "request_method": "GET", "response_time": 0.164, "http_user_agent": "..."}
{"@timestamp": "2025-06-22T13:59:04+00:00", "status": 200, "url": "/api/homeworks/...", "request_method": "GET", "response_time": 0.168, "http_user_agent": "..."}
{"@timestamp": "2025-06-22T13:59:04+00:00", "status": 200, "url": "/api/homeworks/...", "request_method": "GET", "response_time": 0.208, "http_user_agent": "..."}
{"@timestamp": "2025-06-22T13:59:04+00:00", "status": 200, "url": "/api/homeworks/...", "request_method": "GET", "response_time": 0.224, "http_user_agent": "..."}
{"@timestamp": "2025-06-22T13:59:28+00:00", "status": 200, "url": "/api/context/...", "request_method": "GET", "response_time": 0.04, "http_user_agent": "..."}
{"@timestamp": "2025-06-22T13:59:29+00:00", "status": 200, "url": "/api/homeworks/...", "request_method": "GET", "response_time": 0.056, "http_user_agent": "..."}
{"@timestamp": "2025-06-22T13:59:36+00:00", "status": 200, "url": "/api/context/...", "request_method": "GET", "response_time": 0.008, "http_user_agent": "..."}
{"@timestamp": "2025-06-22T13:59:37+00:00", "status": 200, "url": "/api/context/...", "request_method": "GET", "response_time": 0.008, "http_user_agent": "..."}
{"@timestamp": "2025-06-22T13:59:37+00:00", "status": 200, "url": "/api/context/...", "request_method": "GET", "response_time": 0.008, "http_user_agent": "..."}
{"@timestamp": "2025-06-22T13:59:46+00:00", "status": 200, "url": "/api/context/...", "request_method": "GET", "response_time": 0.04, "http_user_agent": "..."}
{"@timestamp": "2025-06-22T13:59:47+00:00", "status": 200, "url": "/api/context/...", "request_method": "GET", "response_time": 0.04, "http_user_agent": "..."}
